<?xml version="1.0" encoding="UTF-8"?>
<!-- Generated by org.testng.reporters.JUnitReportReporter -->
<testsuite skipped="0" hostname="AD01273" name="xmlTest.TestSuite" tests="2" failures="0" timestamp="19 Aug 2019 15:35:35 GMT" time="20.445" errors="0">
  <testcase name="toVerifyUserCanClick" time="10.765" classname="xmlTest.TestSuite"/>
  <testcase name="toVerifyUserNotClick" time="9.680" classname="xmlTest.TestSuite"/>
</testsuite> <!-- xmlTest.TestSuite -->
